<?xml version="1.0" encoding="UTF-8"?>
<!-- Generated by org.testng.reporters.JUnitReportReporter -->
<testsuite hostname="Ravicreed" name="test.StepDefinitions.BookSite" tests="2" failures="0" timestamp="26 Apr 2020 11:31:52 GMT" time="40.261" errors="0">
  <testcase name="Chapter1" time="19.926" classname="test.StepDefinitions.BookSite"/>
  <testcase name="Chapter1" time="20.335" classname="test.StepDefinitions.BookSite"/>
</testsuite> <!-- test.StepDefinitions.BookSite -->
